<?xml version="1.0" encoding="UTF-8"?>
<!-- Generated by org.testng.reporters.JUnitReportReporter -->
<testsuite hostname="LCE42762" failures="0" tests="2" name="APITests" time="2.737" errors="0" timestamp="2022-03-31T21:43:19 CEST" skipped="0">
  <testcase classname="APITests" name="test1" time="2.357"/>
  <system-out/>
  <testcase classname="APITests" name="test_GET" time="0.380"/>
  <system-out/>
</testsuite> <!-- APITests -->
